<?xml version="1.0" encoding="UTF-8"?>
<testsuite name="com.jojoldu.book.springboot.web.IndexControllerTest" tests="1" skipped="0" failures="0" errors="0" timestamp="2020-05-02T11:17:10" hostname="MacBook-Pro-2.local" time="0.202">
  <properties/>
  <testcase name="메인페이지_로딩" classname="com.jojoldu.book.springboot.web.IndexControllerTest" time="0.202"/>
  <system-out><![CDATA[2020-05-02 20:17:06.059  INFO 2801 --- [    Test worker] .b.t.c.SpringBootTestContextBootstrapper : Neither @ContextConfiguration nor @ContextHierarchy found for test class [com.jojoldu.book.springboot.web.IndexControllerTest], using SpringBootContextLoader
2020-05-02 20:17:06.062  INFO 2801 --- [    Test worker] o.s.t.c.support.AbstractContextLoader    : Could not detect default resource locations for test class [com.jojoldu.book.springboot.web.IndexControllerTest]: no resource found for suffixes {-context.xml, Context.groovy}.
2020-05-02 20:17:06.062  INFO 2801 --- [    Test worker] t.c.s.AnnotationConfigContextLoaderUtils : Could not detect default configuration classes for test class [com.jojoldu.book.springboot.web.IndexControllerTest]: IndexControllerTest does not declare any static, non-private, non-final, nested classes annotated with @Configuration.
2020-05-02 20:17:06.070  INFO 2801 --- [    Test worker] .b.t.c.SpringBootTestContextBootstrapper : Found @SpringBootConfiguration com.jojoldu.book.springboot.Application for test class com.jojoldu.book.springboot.web.IndexControllerTest
2020-05-02 20:17:06.075  INFO 2801 --- [    Test worker] .b.t.c.SpringBootTestContextBootstrapper : Loaded default TestExecutionListener class names from location [META-INF/spring.factories]: [org.springframework.security.test.context.support.WithSecurityContextTestExecutionListener, org.springframework.security.test.context.support.ReactorContextTestExecutionListener, org.springframework.boot.test.autoconfigure.restdocs.RestDocsTestExecutionListener, org.springframework.boot.test.autoconfigure.web.client.MockRestServiceServerResetTestExecutionListener, org.springframework.boot.test.autoconfigure.web.servlet.MockMvcPrintOnlyOnFailureTestExecutionListener, org.springframework.boot.test.autoconfigure.web.servlet.WebDriverTestExecutionListener, org.springframework.boot.test.mock.mockito.MockitoTestExecutionListener, org.springframework.boot.test.mock.mockito.ResetMocksTestExecutionListener, org.springframework.test.context.web.ServletTestExecutionListener, org.springframework.test.context.support.DirtiesContextBeforeModesTestExecutionListener, org.springframework.test.context.support.DependencyInjectionTestExecutionListener, org.springframework.test.context.support.DirtiesContextTestExecutionListener, org.springframework.test.context.transaction.TransactionalTestExecutionListener, org.springframework.test.context.jdbc.SqlScriptsTestExecutionListener]
2020-05-02 20:17:06.077  INFO 2801 --- [    Test worker] .b.t.c.SpringBootTestContextBootstrapper : Using TestExecutionListeners: [org.springframework.test.context.web.ServletTestExecutionListener@d61060, org.springframework.test.context.support.DirtiesContextBeforeModesTestExecutionListener@4279f08d, org.springframework.boot.test.mock.mockito.MockitoTestExecutionListener@562169b9, org.springframework.boot.test.autoconfigure.SpringBootDependencyInjectionTestExecutionListener@74fb2c2f, org.springframework.test.context.support.DirtiesContextTestExecutionListener@449e77c0, org.springframework.test.context.transaction.TransactionalTestExecutionListener@496e0a46, org.springframework.test.context.jdbc.SqlScriptsTestExecutionListener@145fde73, org.springframework.security.test.context.support.WithSecurityContextTestExecutionListener@39e80283, org.springframework.security.test.context.support.ReactorContextTestExecutionListener@eff4209, org.springframework.boot.test.autoconfigure.restdocs.RestDocsTestExecutionListener@377a55aa, org.springframework.boot.test.autoconfigure.web.client.MockRestServiceServerResetTestExecutionListener@5dbcb970, org.springframework.boot.test.autoconfigure.web.servlet.MockMvcPrintOnlyOnFailureTestExecutionListener@24b9545e, org.springframework.boot.test.autoconfigure.web.servlet.WebDriverTestExecutionListener@5022a5ca, org.springframework.boot.test.mock.mockito.ResetMocksTestExecutionListener@35106d61]

  .   ____          _            __ _ _
 /\\ / ___'_ __ _ _(_)_ __  __ _ \ \ \ \
( ( )\___ | '_ | '_| | '_ \/ _` | \ \ \ \
 \\/  ___)| |_)| | | | | || (_| |  ) ) ) )
  '  |____| .__|_| |_|_| |_\__, | / / / /
 =========|_|==============|___/=/_/_/_/
 :: Spring Boot ::        (v2.1.7.RELEASE)

2020-05-02 20:17:06.116  INFO 2801 --- [    Test worker] c.j.b.s.web.IndexControllerTest          : Starting IndexControllerTest on MacBook-Pro-2.local with PID 2801 (started by sjkim in /Users/sjkim/IdeaProjects/freelc-springboot2-webservice)
2020-05-02 20:17:06.117  INFO 2801 --- [    Test worker] c.j.b.s.web.IndexControllerTest          : No active profile set, falling back to default profiles: default
2020-05-02 20:17:06.508  INFO 2801 --- [    Test worker] .s.d.r.c.RepositoryConfigurationDelegate : Bootstrapping Spring Data repositories in DEFAULT mode.
2020-05-02 20:17:06.578  INFO 2801 --- [    Test worker] .s.d.r.c.RepositoryConfigurationDelegate : Finished Spring Data repository scanning in 61ms. Found 2 repository interfaces.
2020-05-02 20:17:06.889  INFO 2801 --- [    Test worker] trationDelegate$BeanPostProcessorChecker : Bean 'org.springframework.transaction.annotation.ProxyTransactionManagementConfiguration' of type [org.springframework.transaction.annotation.ProxyTransactionManagementConfiguration$$EnhancerBySpringCGLIB$$495cbc88] is not eligible for getting processed by all BeanPostProcessors (for example: not eligible for auto-proxying)
2020-05-02 20:17:07.198  INFO 2801 --- [    Test worker] o.s.b.w.embedded.tomcat.TomcatWebServer  : Tomcat initialized with port(s): 0 (http)
2020-05-02 20:17:07.235  INFO 2801 --- [    Test worker] o.apache.catalina.core.StandardService   : Starting service [Tomcat]
2020-05-02 20:17:07.236  INFO 2801 --- [    Test worker] org.apache.catalina.core.StandardEngine  : Starting Servlet engine: [Apache Tomcat/9.0.22]
2020-05-02 20:17:07.384  INFO 2801 --- [    Test worker] o.a.c.c.C.[Tomcat].[localhost].[/]       : Initializing Spring embedded WebApplicationContext
2020-05-02 20:17:07.384  INFO 2801 --- [    Test worker] o.s.web.context.ContextLoader            : Root WebApplicationContext: initialization completed in 1264 ms
2020-05-02 20:17:07.666  INFO 2801 --- [    Test worker] com.zaxxer.hikari.HikariDataSource       : HikariPool-1 - Starting...
2020-05-02 20:17:07.876  INFO 2801 --- [    Test worker] com.zaxxer.hikari.HikariDataSource       : HikariPool-1 - Start completed.
2020-05-02 20:17:08.005  INFO 2801 --- [    Test worker] o.hibernate.jpa.internal.util.LogHelper  : HHH000204: Processing PersistenceUnitInfo [
	name: default
	...]
2020-05-02 20:17:08.071  INFO 2801 --- [    Test worker] org.hibernate.Version                    : HHH000412: Hibernate Core {5.3.10.Final}
2020-05-02 20:17:08.074  INFO 2801 --- [    Test worker] org.hibernate.cfg.Environment            : HHH000206: hibernate.properties not found
2020-05-02 20:17:08.125  INFO 2801 --- [    Test worker] o.hibernate.annotations.common.Version   : HCANN000001: Hibernate Commons Annotations {5.0.4.Final}
2020-05-02 20:17:08.279  INFO 2801 --- [    Test worker] org.hibernate.dialect.Dialect            : HHH000400: Using dialect: org.hibernate.dialect.H2Dialect
Hibernate: drop table posts if exists
Hibernate: drop table user if exists
Hibernate: create table posts (id bigint generated by default as identity, created_date timestamp, modified_date timestamp, author varchar(255), content TEXT not null, title varchar(500) not null, primary key (id))
Hibernate: create table user (id bigint generated by default as identity, created_date timestamp, modified_date timestamp, email varchar(255) not null, name varchar(255) not null, picture varchar(255), role varchar(255) not null, primary key (id))
2020-05-02 20:17:08.937  INFO 2801 --- [    Test worker] o.h.t.schema.internal.SchemaCreatorImpl  : HHH000476: Executing import script 'org.hibernate.tool.schema.internal.exec.ScriptSourceInputNonExistentImpl@3a058f4e'
2020-05-02 20:17:08.940  INFO 2801 --- [    Test worker] j.LocalContainerEntityManagerFactoryBean : Initialized JPA EntityManagerFactory for persistence unit 'default'
2020-05-02 20:17:09.606  INFO 2801 --- [    Test worker] o.h.h.i.QueryTranslatorFactoryInitiator  : HHH000397: Using ASTQueryTranslatorFactory
2020-05-02 20:17:09.956  INFO 2801 --- [    Test worker] o.s.s.web.DefaultSecurityFilterChain     : Creating filter chain: any request, [org.springframework.security.web.context.request.async.WebAsyncManagerIntegrationFilter@6128de15, org.springframework.security.web.context.SecurityContextPersistenceFilter@4775cbc6, org.springframework.security.web.header.HeaderWriterFilter@4c1e6611, org.springframework.security.web.authentication.logout.LogoutFilter@368eb7e2, org.springframework.security.oauth2.client.web.OAuth2AuthorizationRequestRedirectFilter@63eef9b3, org.springframework.security.oauth2.client.web.OAuth2LoginAuthenticationFilter@65db39c6, org.springframework.security.web.authentication.ui.DefaultLoginPageGeneratingFilter@5f4c6c36, org.springframework.security.web.authentication.ui.DefaultLogoutPageGeneratingFilter@4b51cf7a, org.springframework.security.web.savedrequest.RequestCacheAwareFilter@15f7b2b1, org.springframework.security.web.servletapi.SecurityContextHolderAwareRequestFilter@2a6670f0, org.springframework.security.web.authentication.AnonymousAuthenticationFilter@743361de, org.springframework.security.web.session.SessionManagementFilter@1c6d365c, org.springframework.security.web.access.ExceptionTranslationFilter@19d96138, org.springframework.security.web.access.intercept.FilterSecurityInterceptor@7e967413]
2020-05-02 20:17:10.169  INFO 2801 --- [    Test worker] o.s.s.concurrent.ThreadPoolTaskExecutor  : Initializing ExecutorService 'applicationTaskExecutor'
2020-05-02 20:17:10.188  WARN 2801 --- [    Test worker] aWebConfiguration$JpaWebMvcConfiguration : spring.jpa.open-in-view is enabled by default. Therefore, database queries may be performed during view rendering. Explicitly configure spring.jpa.open-in-view to disable this warning
2020-05-02 20:17:10.223  INFO 2801 --- [    Test worker] o.s.b.a.w.s.WelcomePageHandlerMapping    : Adding welcome page template: index
2020-05-02 20:17:10.536  INFO 2801 --- [    Test worker] s.a.ScheduledAnnotationBeanPostProcessor : No TaskScheduler/ScheduledExecutorService bean found for scheduled processing
2020-05-02 20:17:10.565  INFO 2801 --- [    Test worker] o.s.b.w.embedded.tomcat.TomcatWebServer  : Tomcat started on port(s): 55795 (http) with context path ''
2020-05-02 20:17:10.567  INFO 2801 --- [    Test worker] c.j.b.s.web.IndexControllerTest          : Started IndexControllerTest in 4.484 seconds (JVM running for 8.888)
2020-05-02 20:17:10.652  INFO 2801 --- [o-auto-1-exec-1] o.a.c.c.C.[Tomcat].[localhost].[/]       : Initializing Spring DispatcherServlet 'dispatcherServlet'
2020-05-02 20:17:10.652  INFO 2801 --- [o-auto-1-exec-1] o.s.web.servlet.DispatcherServlet        : Initializing Servlet 'dispatcherServlet'
2020-05-02 20:17:10.668  INFO 2801 --- [o-auto-1-exec-1] o.s.web.servlet.DispatcherServlet        : Completed initialization in 16 ms
Hibernate: select posts0_.id as id1_0_, posts0_.created_date as created_2_0_, posts0_.modified_date as modified3_0_, posts0_.author as author4_0_, posts0_.content as content5_0_, posts0_.title as title6_0_ from posts posts0_ order by posts0_.id DESC
]]></system-out>
  <system-err><![CDATA[]]></system-err>
</testsuite>
